<?xml version="1.0" encoding="UTF-8"?>
<testsuite xmlns:xsi="http://www.w3.org/2001/XMLSchema-instance" xsi:noNamespaceSchemaLocation="https://maven.apache.org/surefire/maven-surefire-plugin/xsd/surefire-test-report.xsd" version="3.0.2" name="com.att.tdp.issueflow.service.CommentServiceTest" time="0.07" tests="11" errors="0" skipped="0" failures="0">
  <properties>
[...]
</properties>
  <testcase name="addComment_multipleMentions_savesAllMentions" classname="com.att.tdp.issueflow.service.CommentServiceTest" time="0.052"/>
  <testcase name="parseMentions_singleMention_returnsOneUsername" classname="com.att.tdp.issueflow.service.CommentServiceTest" time="0.002"/>
  <testcase name="addComment_singleMention_savesOneMention" classname="com.att.tdp.issueflow.service.CommentServiceTest" time="0.002"/>
  <testcase name="parseMentions_duplicateMentions_deduplicates" classname="com.att.tdp.issueflow.service.CommentServiceTest" time="0.0"/>
  <testcase name="addComment_caseInsensitiveMention_matchesUserByIgnoreCase" classname="com.att.tdp.issueflow.service.CommentServiceTest" time="0.002"/>
  <testcase name="updateComment_addedMention_savesMention" classname="com.att.tdp.issueflow.service.CommentServiceTest" time="0.003"/>
  <testcase name="addComment_unknownMentionedUser_skipsWithoutError" classname="com.att.tdp.issueflow.service.CommentServiceTest" time="0.002"/>
  <testcase name="parseMentions_multipleMentions_returnsAllUsernames" classname="com.att.tdp.issueflow.service.CommentServiceTest" time="0.001"/>
  <testcase name="parseMentions_noMentions_returnsEmptySet" classname="com.att.tdp.issueflow.service.CommentServiceTest" time="0.0"/>
  <testcase name="parseMentions_caseInsensitive_normalizesToLowercase" classname="com.att.tdp.issueflow.service.CommentServiceTest" time="0.001"/>
  <testcase name="updateComment_removedMention_deletesMention" classname="com.att.tdp.issueflow.service.CommentServiceTest" time="0.001"/>
</testsuite>